<?xml version="1.0" encoding="UTF-8"?>
<!-- Generated by org.testng.reporters.JUnitReportReporter -->
<testsuite skipped="0" hostname="IN-PG02H7X8" name="com.apidemo.test.BaseTest" tests="1" failures="0" timestamp="2022-03-08T13:05:28 IST" time="2.626" errors="0">
  <testcase name="touchActionButton" time="2.626" classname="com.apidemo.test.BaseTest"/>
  <system-out/>
</testsuite> <!-- com.apidemo.test.BaseTest -->
