<?xml version="1.0" encoding="UTF-8"?>
<!-- Generated by org.testng.reporters.JUnitReportReporter -->
<testsuite skipped="0" hostname="IN-PG02H7X8" name="Runner.TestRunner" tests="5" failures="0" timestamp="2022-03-15T12:31:37 IST" time="169.728" errors="0">
  <testcase name="runScenario" time="39.159" classname="Runner.TestRunner"/>
  <system-out/>
  <testcase name="runScenario" time="33.538" classname="Runner.TestRunner"/>
  <system-out/>
  <testcase name="runScenario" time="30.773" classname="Runner.TestRunner"/>
  <system-out/>
  <testcase name="runScenario" time="34.459" classname="Runner.TestRunner"/>
  <system-out/>
  <testcase name="runScenario" time="31.799" classname="Runner.TestRunner"/>
  <system-out/>
</testsuite> <!-- Runner.TestRunner -->
