<?xml version="1.0" encoding="UTF-8"?>
<!-- Generated by org.testng.reporters.JUnitReportReporter -->
<testsuite skipped="0" hostname="IN-PG02H7X8" name="Runner.TestRunner" tests="5" failures="0" timestamp="2022-03-14T14:36:07 IST" time="179.223" errors="0">
  <testcase name="runScenario" time="29.785" classname="Runner.TestRunner"/>
  <system-out/>
  <testcase name="runScenario" time="32.951" classname="Runner.TestRunner"/>
  <system-out/>
  <testcase name="runScenario" time="37.917" classname="Runner.TestRunner"/>
  <system-out/>
  <testcase name="runScenario" time="36.649" classname="Runner.TestRunner"/>
  <system-out/>
  <testcase name="runScenario" time="41.921" classname="Runner.TestRunner"/>
  <system-out/>
</testsuite> <!-- Runner.TestRunner -->
